{"numTotalTestSuites":24,"numPassedTestSuites":24,"numFailedTestSuites":0,"numPendingTestSuites":0,"numTotalTests":22,"numPassedTests":22,"numFailedTests":0,"numPendingTests":0,"numTodoTests":0,"snapshot":{"added":0,"failure":false,"filesAdded":0,"filesRemoved":0,"filesRemovedList":[],"filesUnmatched":0,"filesUpdated":0,"matched":0,"total":0,"unchecked":0,"uncheckedKeysByFile":[],"unmatched":0,"updated":0,"didUpdate":false},"startTime":1783707768329,"success":true,"testResults":[{"assertionResults":[{"ancestorTitles":["Chaos — Database connection interruptions"],"fullName":"Chaos — Database connection interruptions rolls back stock reservations and returns a clean 500 error if order creation inserts throw","status":"passed","title":"rolls back stock reservations and returns a clean 500 error if order creation inserts throw","duration":5.12360000000001,"failureMessages":[],"meta":{},"tags":[]}],"startTime":1783707770645,"endTime":1783707770650.1235,"status":"passed","message":"","name":"C:/Users/ASUS/Desktop/E commerce 2.0/scripts/staging-validation/chaos/database.test.ts"},{"assertionResults":[{"ancestorTitles":["Chaos — Delivery provider throws / timeouts"],"fullName":"Chaos — Delivery provider throws / timeouts falls back to static shipping pricing if Yalidine quote API fails (network offline)","status":"passed","title":"falls back to static shipping pricing if Yalidine quote API fails (network offline)","duration":354.09850000000006,"failureMessages":[],"meta":{},"tags":[]}],"startTime":1783707769987,"endTime":1783707770341.0984,"status":"passed","message":"","name":"C:/Users/ASUS/Desktop/E commerce 2.0/scripts/staging-validation/chaos/delivery.test.ts"},{"assertionResults":[{"ancestorTitles":["Chaos — Meta/Facebook API unavailable"],"fullName":"Chaos — Meta/Facebook API unavailable does not block the payment callback checkout response when Meta Conversions API fails","status":"passed","title":"does not block the payment callback checkout response when Meta Conversions API fails","duration":3.536200000000008,"failureMessages":[],"meta":{},"tags":[]}],"startTime":1783707770765,"endTime":1783707770768.5361,"status":"passed","message":"","name":"C:/Users/ASUS/Desktop/E commerce 2.0/scripts/staging-validation/chaos/meta.test.ts"},{"assertionResults":[{"ancestorTitles":["Chaos — Payment gateway throws"],"fullName":"Chaos — Payment gateway throws fails gracefully and cancels order when Satim status check throws a network error","status":"passed","title":"fails gracefully and cancels order when Satim status check throws a network error","duration":128.53150000000005,"failureMessages":[],"meta":{},"tags":[]}],"startTime":1783707769969,"endTime":1783707770097.5315,"status":"passed","message":"","name":"C:/Users/ASUS/Desktop/E commerce 2.0/scripts/staging-validation/chaos/payments.test.ts"},{"assertionResults":[{"ancestorTitles":["Chaos — Redis cache / limiters unavailable"],"fullName":"Chaos — Redis cache / limiters unavailable falls back gracefully to in-memory rate limiting when Redis REST connection throws","status":"passed","title":"falls back gracefully to in-memory rate limiting when Redis REST connection throws","duration":4.234199999999987,"failureMessages":[],"meta":{},"tags":[]}],"startTime":1783707770873,"endTime":1783707770877.2341,"status":"passed","message":"","name":"C:/Users/ASUS/Desktop/E commerce 2.0/scripts/staging-validation/chaos/redis.test.ts"},{"assertionResults":[{"ancestorTitles":["Chaos — SMTP email provider unavailable"],"fullName":"Chaos — SMTP email provider unavailable succeeds order completion even if email invoicing rejects","status":"passed","title":"succeeds order completion even if email invoicing rejects","duration":5.930100000000039,"failureMessages":[],"meta":{},"tags":[]}],"startTime":1783707769968,"endTime":1783707769973.9302,"status":"passed","message":"","name":"C:/Users/ASUS/Desktop/E commerce 2.0/scripts/staging-validation/chaos/smtp.test.ts"},{"assertionResults":[{"ancestorTitles":["API Contract Validation Tests"],"fullName":"API Contract Validation Tests validates Satim payment check query schemas correctly","status":"passed","title":"validates Satim payment check query schemas correctly","duration":12.213700000000017,"failureMessages":[],"meta":{},"tags":[]},{"ancestorTitles":["API Contract Validation Tests"],"fullName":"API Contract Validation Tests validates BaridiMob callback webhook payload contracts correctly","status":"passed","title":"validates BaridiMob callback webhook payload contracts correctly","duration":7.330099999999675,"failureMessages":[],"meta":{},"tags":[]}],"startTime":1783707770468,"endTime":1783707770487.33,"status":"passed","message":"","name":"C:/Users/ASUS/Desktop/E commerce 2.0/scripts/staging-validation/contracts/matrix.test.ts"},{"assertionResults":[{"ancestorTitles":["Database Consistency Checks"],"fullName":"Database Consistency Checks guarantees total price calculations and promo code validations align with subtotals","status":"passed","title":"guarantees total price calculations and promo code validations align with subtotals","duration":5.390999999999849,"failureMessages":[],"meta":{},"tags":[]},{"ancestorTitles":["Database Consistency Checks"],"fullName":"Database Consistency Checks guarantees stock restoration trigger behavior on cancellation","status":"passed","title":"guarantees stock restoration trigger behavior on cancellation","duration":2.0802000000001044,"failureMessages":[],"meta":{},"tags":[]}],"startTime":1783707769944,"endTime":1783707769952.08,"status":"passed","message":"","name":"C:/Users/ASUS/Desktop/E commerce 2.0/scripts/staging-validation/database/sync.test.ts"},{"assertionResults":[{"ancestorTitles":["Delivery Matrix Provider Status Mapping"],"fullName":"Delivery Matrix Provider Status Mapping maps raw provider status \"livre\" to normalized \"delivered\"","status":"passed","title":"maps raw provider status \"livre\" to normalized \"delivered\"","duration":5.003800000000183,"failureMessages":[],"meta":{},"tags":[]},{"ancestorTitles":["Delivery Matrix Provider Status Mapping"],"fullName":"Delivery Matrix Provider Status Mapping maps raw provider status \"retourne\" to normalized \"returned\"","status":"passed","title":"maps raw provider status \"retourne\" to normalized \"returned\"","duration":0.6028000000001157,"failureMessages":[],"meta":{},"tags":[]},{"ancestorTitles":["Delivery Matrix Provider Status Mapping"],"fullName":"Delivery Matrix Provider Status Mapping maps raw provider status \"en_cours_de_livraison\" to normalized \"out_for_delivery\"","status":"passed","title":"maps raw provider status \"en_cours_de_livraison\" to normalized \"out_for_delivery\"","duration":0.49469999999996617,"failureMessages":[],"meta":{},"tags":[]},{"ancestorTitles":["Delivery Matrix Provider Status Mapping"],"fullName":"Delivery Matrix Provider Status Mapping maps raw provider status \"en_transit\" to normalized \"in_transit\"","status":"passed","title":"maps raw provider status \"en_transit\" to normalized \"in_transit\"","duration":0.4752000000000862,"failureMessages":[],"meta":{},"tags":[]},{"ancestorTitles":["Delivery Matrix Provider Status Mapping"],"fullName":"Delivery Matrix Provider Status Mapping maps raw provider status \"ramasse\" to normalized \"picked_up\"","status":"passed","title":"maps raw provider status \"ramasse\" to normalized \"picked_up\"","duration":0.4682999999999993,"failureMessages":[],"meta":{},"tags":[]},{"ancestorTitles":["Delivery Matrix Provider Status Mapping"],"fullName":"Delivery Matrix Provider Status Mapping maps raw provider status \"echoue\" to normalized \"failed\"","status":"passed","title":"maps raw provider status \"echoue\" to normalized \"failed\"","duration":0.35209999999983665,"failureMessages":[],"meta":{},"tags":[]},{"ancestorTitles":["Delivery Matrix Provider Status Mapping"],"fullName":"Delivery Matrix Provider Status Mapping maps raw provider status \"annule\" to normalized \"cancelled\"","status":"passed","title":"maps raw provider status \"annule\" to normalized \"cancelled\"","duration":0.41660000000001673,"failureMessages":[],"meta":{},"tags":[]},{"ancestorTitles":["Delivery Matrix Provider Status Mapping"],"fullName":"Delivery Matrix Provider Status Mapping maps raw provider status \"pret_a_expedier\" to normalized \"pending\"","status":"passed","title":"maps raw provider status \"pret_a_expedier\" to normalized \"pending\"","duration":0.440900000000056,"failureMessages":[],"meta":{},"tags":[]},{"ancestorTitles":["Delivery Matrix Provider Status Mapping"],"fullName":"Delivery Matrix Provider Status Mapping maps raw provider status \"unknown_raw_state\" to normalized \"unknown\"","status":"passed","title":"maps raw provider status \"unknown_raw_state\" to normalized \"unknown\"","duration":4.578800000000001,"failureMessages":[],"meta":{},"tags":[]}],"startTime":1783707770350,"endTime":1783707770362.5789,"status":"passed","message":"","name":"C:/Users/ASUS/Desktop/E commerce 2.0/scripts/staging-validation/delivery/matrix.test.ts"},{"assertionResults":[{"ancestorTitles":["Meta/Pixel & CAPI Deduplication Tests"],"fullName":"Meta/Pixel & CAPI Deduplication Tests uses the same unique event_id (orderId) across Pixel and Conversions API payloads","status":"passed","title":"uses the same unique event_id (orderId) across Pixel and Conversions API payloads","duration":3.4682999999999993,"failureMessages":[],"meta":{},"tags":[]}],"startTime":1783707770880,"endTime":1783707770883.4683,"status":"passed","message":"","name":"C:/Users/ASUS/Desktop/E commerce 2.0/scripts/staging-validation/meta/capi.test.ts"},{"assertionResults":[{"ancestorTitles":["Payment Matrix Integration Tests"],"fullName":"Payment Matrix Integration Tests correctly maps payment methods and handles amount bounds","status":"passed","title":"correctly maps payment methods and handles amount bounds","duration":388.0082,"failureMessages":[],"meta":{},"tags":[]}],"startTime":1783707770012,"endTime":1783707770400.0083,"status":"passed","message":"","name":"C:/Users/ASUS/Desktop/E commerce 2.0/scripts/staging-validation/payments/matrix.test.ts"},{"assertionResults":[{"ancestorTitles":["Webhook Replay & Signature Security Tests"],"fullName":"Webhook Replay & Signature Security Tests correctly verifies valid BaridiMob webhooks and rejects invalid ones","status":"passed","title":"correctly verifies valid BaridiMob webhooks and rejects invalid ones","duration":4.920800000000099,"failureMessages":[],"meta":{},"tags":[]}],"startTime":1783707770683,"endTime":1783707770687.921,"status":"passed","message":"","name":"C:/Users/ASUS/Desktop/E commerce 2.0/scripts/staging-validation/webhooks/replay.test.ts"}]}